{"uuid":"66d0b5db-0a6d-4c6d-9c1e-cdaffc12d8cc","historyId":"2c6726ad52f41d2b0bdb2a658fb6227a","fullName":"TestRegister.TestFaq_shouldBeSuccessful","labels":[{"name":"package","value":"TestRegister"},{"name":"testClass","value":"TestRegister"},{"name":"testMethod","value":"TestFaq_shouldBeSuccessful"},{"name":"parentSuite","value":"SHAFT: Custom Suite"},{"name":"suite","value":"SHAFT: ta3limy-Automation-Task"},{"name":"subSuite","value":"TestRegister"},{"name":"host","value":"mohamed-device"},{"name":"thread","value":"9414@mohamed-device.main(1)"},{"name":"framework","value":"testng"},{"name":"language","value":"java"}],"links":[],"name":"Test register as a parent","status":"failed","statusDetails":{"known":false,"muted":false,"flaky":false,"message":"Assertion [ValidateElementExists] FAILED. Expected [Element Should Exist, locator 'By.xpath: //a[@data-cy='addChild-link']'] and Actual [Element Doesn't Exists]. Comparison Type [EQUALS]. Validation Type [POSITIVE].","trace":"java.lang.AssertionError: Assertion [ValidateElementExists] FAILED. Expected [Element Should Exist, locator 'By.xpath: //a[@data-cy='addChild-link']'] and Actual [Element Doesn't Exists]. Comparison Type [EQUALS]. Validation Type [POSITIVE].\n\tat org.testng.Assert.fail(Assert.java:99)\n\tat com.shaft.validation.ValidationsHelper.reportValidationState(ValidationsHelper.java:860)\n\tat com.shaft.validation.ValidationsHelper.fail(ValidationsHelper.java:588)\n\tat com.shaft.validation.ValidationsHelper.validateElementExists(ValidationsHelper.java:155)\n\tat com.shaft.validation.ValidationsExecutor.perform(ValidationsExecutor.java:146)\n\tat TestRegister.TestFaq_shouldBeSuccessful(TestRegister.java:64)\n\tat java.base/jdk.internal.reflect.NativeMethodAccessorImpl.invoke0(Native Method)\n\tat java.base/jdk.internal.reflect.NativeMethodAccessorImpl.invoke(NativeMethodAccessorImpl.java:77)\n\tat java.base/jdk.internal.reflect.DelegatingMethodAccessorImpl.invoke(DelegatingMethodAccessorImpl.java:43)\n\tat java.base/java.lang.reflect.Method.invoke(Method.java:568)\n\tat org.testng.internal.MethodInvocationHelper.invokeMethod(MethodInvocationHelper.java:133)\n\tat org.testng.internal.TestInvoker.invokeMethod(TestInvoker.java:598)\n\tat org.testng.internal.TestInvoker.invokeTestMethod(TestInvoker.java:173)\n\tat org.testng.internal.MethodRunner.runInSequence(MethodRunner.java:46)\n\tat org.testng.internal.TestInvoker$MethodInvocationAgent.invoke(TestInvoker.java:824)\n\tat org.testng.internal.TestInvoker.invokeTestMethods(TestInvoker.java:146)\n\tat org.testng.internal.TestMethodWorker.invokeTestMethods(TestMethodWorker.java:146)\n\tat org.testng.internal.TestMethodWorker.run(TestMethodWorker.java:128)\n\tat java.base/java.util.ArrayList.forEach(ArrayList.java:1511)\n\tat org.testng.TestRunner.privateRun(TestRunner.java:794)\n\tat org.testng.TestRunner.run(TestRunner.java:596)\n\tat org.testng.SuiteRunner.runTest(SuiteRunner.java:377)\n\tat org.testng.SuiteRunner.runSequentially(SuiteRunner.java:371)\n\tat org.testng.SuiteRunner.privateRun(SuiteRunner.java:332)\n\tat org.testng.SuiteRunner.run(SuiteRunner.java:276)\n\tat org.testng.SuiteRunnerWorker.runSuite(SuiteRunnerWorker.java:53)\n\tat org.testng.SuiteRunnerWorker.run(SuiteRunnerWorker.java:96)\n\tat org.testng.TestNG.runSuitesSequentially(TestNG.java:1212)\n\tat org.testng.TestNG.runSuitesLocally(TestNG.java:1134)\n\tat org.testng.TestNG.runSuites(TestNG.java:1063)\n\tat org.testng.TestNG.run(TestNG.java:1031)\n\tat com.intellij.rt.testng.IDEARemoteTestNG.run(IDEARemoteTestNG.java:66)\n\tat com.intellij.rt.testng.RemoteTestNGStarter.main(RemoteTestNGStarter.java:109)\n"},"stage":"finished","description":"register as a parent\nSteps:\n- open Ta3limy website.\n- open register page.\n- register as a parent.\n- confirm mobile number.\n- assert that user is registered successfully and the home is page opened.\n","steps":[{"name":"Browser Action [NavigateToURL] successfully performed. With the following test data [https://www.ta3limy.com/].","status":"passed","stage":"finished","steps":[],"attachments":[],"parameters":[{"name":"actionCounter","value":"6"},{"name":"logText","value":"Browser Action [NavigateToURL] successfully performed. With the following test data [https://www.ta3limy.com/]."},{"name":"attachments","value":"[null]"}],"start":1638975000027,"stop":1638975000059},{"name":"Element Action [Click] successfully performed. With the following test data [تسجيل حساب].","status":"passed","stage":"finished","steps":[],"attachments":[],"parameters":[{"name":"actionCounter","value":"7"},{"name":"logText","value":"Element Action [Click] successfully performed. With the following test data [تسجيل حساب]."}],"start":1638975002611,"stop":1638975002611},{"name":"Element Action [Click] successfully performed. With the following test data [ولي امر].","status":"passed","stage":"finished","steps":[],"attachments":[],"parameters":[{"name":"actionCounter","value":"8"},{"name":"logText","value":"Element Action [Click] successfully performed. With the following test data [ولي امر]."}],"start":1638975008535,"stop":1638975008536},{"name":"Element Action [Type] successfully performed. With the following test data [test].","status":"passed","stage":"finished","steps":[],"attachments":[],"parameters":[{"name":"actionCounter","value":"9"},{"name":"logText","value":"Element Action [Type] successfully performed. With the following test data [test]."}],"start":1638975009530,"stop":1638975009530},{"name":"Element Action [Type] successfully performed. With the following test data [test].","status":"passed","stage":"finished","steps":[],"attachments":[],"parameters":[{"name":"actionCounter","value":"10"},{"name":"logText","value":"Element Action [Type] successfully performed. With the following test data [test]."}],"start":1638975010366,"stop":1638975010367},{"name":"Element Action [Type] successfully performed. With the following test data [01004990618].","status":"passed","stage":"finished","steps":[],"attachments":[],"parameters":[{"name":"actionCounter","value":"11"},{"name":"logText","value":"Element Action [Type] successfully performed. With the following test data [01004990618]."}],"start":1638975011318,"stop":1638975011318},{"name":"Element Action [Click] successfully performed. With the following test data [ذكر].","status":"passed","stage":"finished","steps":[],"attachments":[],"parameters":[{"name":"actionCounter","value":"12"},{"name":"logText","value":"Element Action [Click] successfully performed. With the following test data [ذكر]."}],"start":1638975012586,"stop":1638975012587},{"name":"Element Action [Click] successfully performed. With the following test data [أقل من 25 سنة].","status":"passed","stage":"finished","steps":[],"attachments":[],"parameters":[{"name":"actionCounter","value":"13"},{"name":"logText","value":"Element Action [Click] successfully performed. With the following test data [أقل من 25 سنة]."}],"start":1638975013919,"stop":1638975013920},{"name":"Element Action [Type] successfully performed. With the following test data [testtest1].","status":"passed","stage":"finished","steps":[],"attachments":[],"parameters":[{"name":"actionCounter","value":"14"},{"name":"logText","value":"Element Action [Type] successfully performed. With the following test data [testtest1]."}],"start":1638975014826,"stop":1638975014827},{"name":"Element Action [Type] successfully performed. With the following test data [testtest1].","status":"passed","stage":"finished","steps":[],"attachments":[],"parameters":[{"name":"actionCounter","value":"15"},{"name":"logText","value":"Element Action [Type] successfully performed. With the following test data [testtest1]."}],"start":1638975015727,"stop":1638975015727},{"name":"Element Action [Click] successfully performed. With the following test data [اوافق على الشروط و الأحكام و سياسة الخصوصية].","status":"passed","stage":"finished","steps":[],"attachments":[],"parameters":[{"name":"actionCounter","value":"16"},{"name":"logText","value":"Element Action [Click] successfully performed. With the following test data [اوافق على الشروط و الأحكام و سياسة الخصوصية]."}],"start":1638975017011,"stop":1638975017011},{"name":"Element Action [Click] successfully performed. With the following test data [By.id: googleRecaptcha].","status":"passed","stage":"finished","steps":[],"attachments":[],"parameters":[{"name":"actionCounter","value":"17"},{"name":"logText","value":"Element Action [Click] successfully performed. With the following test data [By.id: googleRecaptcha]."}],"start":1638975018258,"stop":1638975018258},{"name":"Element Action [Click] successfully performed. With the following test data [تسجيل حساب].","status":"passed","stage":"finished","steps":[],"attachments":[],"parameters":[{"name":"actionCounter","value":"18"},{"name":"logText","value":"Element Action [Click] successfully performed. With the following test data [تسجيل حساب]."}],"start":1638975019488,"stop":1638975019488},{"name":"Element Action [Type] successfully performed. With the following test data [123456].","status":"passed","stage":"finished","steps":[],"attachments":[],"parameters":[{"name":"actionCounter","value":"19"},{"name":"logText","value":"Element Action [Type] successfully performed. With the following test data [123456]."}],"start":1638975022174,"stop":1638975022174},{"name":"Element Action [Click] successfully performed. With the following test data [By.id: googleRecaptcha].","status":"passed","stage":"finished","steps":[],"attachments":[],"parameters":[{"name":"actionCounter","value":"20"},{"name":"logText","value":"Element Action [Click] successfully performed. With the following test data [By.id: googleRecaptcha]."}],"start":1638975023220,"stop":1638975023221},{"name":"Element Action [Click] successfully performed. With the following test data [إرسال].","status":"passed","stage":"finished","steps":[],"attachments":[],"parameters":[{"name":"actionCounter","value":"21"},{"name":"logText","value":"Element Action [Click] successfully performed. With the following test data [إرسال]."}],"start":1638975024264,"stop":1638975024265},{"name":"Assertion Failed: assert that \"add child\" button is displayed in the home page","status":"passed","stage":"finished","steps":[],"attachments":[{"name":"Attachment: Screenshot - 1638975054688_TestFaq_shouldBeSuccessful_ValidateElementExists_failed","source":"b54047a7-0783-4693-9a6d-ec2c90892ff3-attachment.png","type":"image/png"}],"parameters":[{"name":"actionCounter","value":"22"},{"name":"customLog","value":"Assertion Failed: assert that \"add child\" button is displayed in the home page"},{"name":"stepLog","value":"Assertion [ValidateElementExists] FAILED. Expected [Element Should Exist, locator 'By.xpath: //a[@data-cy='addChild-link']'] and Actual [Element Doesn't Exists]. Comparison Type [EQUALS]. Validation Type [POSITIVE]."},{"name":"attachments","value":"[[Screenshot, 1638975054688_TestFaq_shouldBeSuccessful_ValidateElementExists_failed, java.io.ByteArrayInputStream@6175782c]]"}],"start":1638975055121,"stop":1638975055140}],"attachments":[{"name":"Attachment: Animated Gif - TestFaq_shouldBeSuccessful","source":"3eef6baf-9a4b-4498-880c-d917557ffcb7-attachment.gif","type":"image/gif"},{"name":"Attachment: SHAFT Engine Logs - Current Method log: TestFaq_shouldBeSuccessful","source":"4c880dcf-4380-4aad-a490-f58e4f2c2d94-attachment.txt","type":"text/plain"}],"parameters":[],"start":1638974995075,"stop":1638975055213}